<?xml version="1.0" encoding="UTF-8"?>
<!-- Generated by org.testng.reporters.JUnitReportReporter -->
<testsuite hostname="PrasanthHardy" failures="0" tests="2" name="com.testng.concepts.Simple_Annotations" time="0.014" errors="0" timestamp="2023-06-17T11:46:55 IST" skipped="0">
  <testcase classname="com.testng.concepts.Simple_Annotations" name="searchlaptop" time="0.004"/>
  <testcase classname="com.testng.concepts.Simple_Annotations" name="searchheadset" time="0.010"/>
</testsuite> <!-- com.testng.concepts.Simple_Annotations -->
