<?xml version="1.0" encoding="UTF-8"?>
<!-- Generated by org.testng.reporters.JUnitReportReporter -->
<testsuite hostname="PrasanthHardy" failures="0" tests="5" name="com.testng.concepts.Priority" time="0.032" errors="0" timestamp="2023-06-19T12:30:30 IST" skipped="0">
  <testcase classname="com.testng.concepts.Priority" name="searchlaptop" time="0.017"/>
  <testcase classname="com.testng.concepts.Priority" name="searchtv" time="0.003"/>
  <testcase classname="com.testng.concepts.Priority" name="Searchwatch" time="0.005"/>
  <testcase classname="com.testng.concepts.Priority" name="SearchFruits" time="0.004"/>
  <testcase classname="com.testng.concepts.Priority" name="searchmobile" time="0.003"/>
</testsuite> <!-- com.testng.concepts.Priority -->
