<?xml version="1.0" encoding="UTF-8"?>
<!-- Generated by org.testng.reporters.JUnitReportReporter -->
<testsuite hostname="PrasanthHardy" failures="0" tests="12" name="Maven.TestNG.Test_One" time="338.478" errors="0" timestamp="2023-05-26T15:35:48 IST" skipped="0">
  <testcase classname="Maven.TestNG.Test_One" name="sample" time="34.826"/>
  <testcase classname="Maven.TestNG.Test_One" name="sample" time="42.210"/>
  <testcase classname="Maven.TestNG.Test_One" name="sample" time="21.814"/>
  <testcase classname="Maven.TestNG.Test_One" name="sample" time="29.605"/>
  <testcase classname="Maven.TestNG.Test_One" name="sample" time="56.688"/>
  <testcase classname="Maven.TestNG.Test_One" name="sample" time="54.042"/>
  <testcase classname="Maven.TestNG.Test_One" name="sample" time="26.441"/>
  <testcase classname="Maven.TestNG.Test_One" name="sample" time="17.050"/>
  <testcase classname="Maven.TestNG.Test_One" name="sample" time="21.222"/>
  <testcase classname="Maven.TestNG.Test_One" name="sample" time="34.566"/>
  <testcase classname="Maven.TestNG.Test_One" name="sample1" time="0.006"/>
  <testcase classname="Maven.TestNG.Test_One" name="sample3" time="0.008"/>
</testsuite> <!-- Maven.TestNG.Test_One -->
