<?xml version="1.0" encoding="UTF-8"?>
<!-- Generated by org.testng.reporters.JUnitReportReporter -->
<testsuite hostname="PrasanthHardy" failures="0" tests="2" name="com.testng.concepts.Groups_Test" time="0.055" errors="0" timestamp="2023-07-07T16:22:54 IST" skipped="0">
  <testcase classname="com.testng.concepts.Groups_Test" name="login" time="0.030"/>
  <testcase classname="com.testng.concepts.Groups_Test" name="setup" time="0.025"/>
</testsuite> <!-- com.testng.concepts.Groups_Test -->
