<?xml version="1.0" encoding="UTF-8"?>
<!-- Generated by org.testng.reporters.JUnitReportReporter -->
<testsuite hostname="PrasanthHardy" failures="0" tests="2" name="com.testng.concepts.Exception_Test" time="0.020" errors="0" timestamp="2023-06-19T17:49:50 IST" skipped="0">
  <testcase classname="com.testng.concepts.Exception_Test" name="divide" time="0.002"/>
  <testcase classname="com.testng.concepts.Exception_Test" name="AddTest" time="0.018"/>
</testsuite> <!-- com.testng.concepts.Exception_Test -->
