<?xml version="1.0" encoding="UTF-8"?>
<!-- Generated by org.testng.reporters.JUnitReportReporter -->
<testsuite hostname="PrasanthHardy" failures="0" tests="3" name="com.testng.concepts.Data_Provider" time="0.024" errors="0" timestamp="2023-06-20T16:07:58 IST" skipped="0">
  <testcase classname="com.testng.concepts.Data_Provider" name="logIn" time="0.004"/>
  <testcase classname="com.testng.concepts.Data_Provider" name="logIn" time="0.017"/>
  <testcase classname="com.testng.concepts.Data_Provider" name="logIn" time="0.003"/>
</testsuite> <!-- com.testng.concepts.Data_Provider -->
