<?xml version="1.0" encoding="UTF-8"?>
<!-- Generated by org.testng.reporters.JUnitReportReporter -->
<testsuite hostname="PrasanthHardy" failures="0" tests="4" name="com.testng.concepts.Ignore_Test" time="0.023" errors="0" timestamp="2023-06-19T12:28:24 IST" skipped="2">
  <testcase classname="com.testng.concepts.Ignore_Test" name="SearchFruits" time="0.016"/>
  <testcase classname="com.testng.concepts.Ignore_Test" name="searchtv" time="0.007"/>
  <testcase classname="com.testng.concepts.Ignore_Test" name="searchlaptop">
    <skipped/>
  </testcase> <!-- searchlaptop -->
  <testcase classname="com.testng.concepts.Ignore_Test" name="searchmobile">
    <skipped/>
  </testcase> <!-- searchmobile -->
</testsuite> <!-- com.testng.concepts.Ignore_Test -->
