<?xml version="1.0" encoding="UTF-8"?>
<!-- Generated by org.testng.reporters.JUnitReportReporter -->
<testsuite hostname="PrasanthHardy" failures="0" tests="1" name="com.testng.concepts.Assert_Demo" time="0.021" errors="0" timestamp="2023-06-20T16:38:41 IST" skipped="0">
  <testcase classname="com.testng.concepts.Assert_Demo" name="test1" time="0.021"/>
</testsuite> <!-- com.testng.concepts.Assert_Demo -->
