<?xml version="1.0" encoding="UTF-8"?>
<!-- Generated by org.testng.reporters.JUnitReportReporter -->
<testsuite hostname="PrasanthHardy" failures="0" tests="1" name="com.testng.concepts.Parameter_Test" time="0.020" errors="0" timestamp="2023-06-20T12:17:48 IST" skipped="0">
  <testcase classname="com.testng.concepts.Parameter_Test" name="login" time="0.020"/>
</testsuite> <!-- com.testng.concepts.Parameter_Test -->
