<?xml version="1.0" encoding="UTF-8"?>
<!-- Generated by org.testng.reporters.JUnitReportReporter -->
<testsuite hostname="PrasanthHardy" failures="0" tests="11" name="com.testng.concepts.Invocation" time="0.068" errors="0" timestamp="2023-07-07T16:39:29 IST" skipped="0">
  <testcase classname="com.testng.concepts.Invocation" name="verifyhomepage" time="0.004"/>
  <testcase classname="com.testng.concepts.Invocation" name="searchlaptop" time="0.003"/>
  <testcase classname="com.testng.concepts.Invocation" name="searchheadset" time="0.003"/>
  <testcase classname="com.testng.concepts.Invocation" name="logout" time="0.017"/>
  <testcase classname="com.testng.concepts.Invocation" name="searchheadset" time="0.003"/>
  <testcase classname="com.testng.concepts.Invocation" name="searchlaptop" time="0.008"/>
  <testcase classname="com.testng.concepts.Invocation" name="searchlaptop" time="0.005"/>
  <testcase classname="com.testng.concepts.Invocation" name="searchheadset" time="0.009"/>
  <testcase classname="com.testng.concepts.Invocation" name="searchheadset" time="0.002"/>
  <testcase classname="com.testng.concepts.Invocation" name="searchlaptop" time="0.006"/>
  <testcase classname="com.testng.concepts.Invocation" name="searchlaptop" time="0.008"/>
</testsuite> <!-- com.testng.concepts.Invocation -->
