<?xml version="1.0" encoding="UTF-8"?>
<!-- Generated by org.testng.reporters.JUnitReportReporter -->
<testsuite hostname="PrasanthHardy" failures="0" tests="1" name="Maven.TestNG.browser1" time="16.229" errors="0" timestamp="2023-05-30T22:49:05 IST" skipped="0">
  <testcase classname="Maven.TestNG.browser1" name="searchbox" time="16.229"/>
</testsuite> <!-- Maven.TestNG.browser1 -->
