<?xml version="1.0" encoding="UTF-8"?>
<!-- Generated by org.testng.reporters.JUnitReportReporter -->
<testsuite hostname="PrasanthHardy" failures="0" tests="2" name="com.testng.concepts.Parllel_Test" time="187.570" errors="0" timestamp="2023-06-19T20:15:56 IST" skipped="0">
  <testcase classname="com.testng.concepts.Parllel_Test" name="amazontest" time="109.901"/>
  <testcase classname="com.testng.concepts.Parllel_Test" name="flipkart" time="77.669"/>
</testsuite> <!-- com.testng.concepts.Parllel_Test -->
